Symlinking /home/zhiping/MA/Alex_Model/devel/share/gennodejs/ros/mouse_controller/_index.js
Symlinking /home/zhiping/MA/Alex_Model/devel/share/gennodejs/ros/mouse_controller/msg/desired_cmd.js
Symlinking /home/zhiping/MA/Alex_Model/devel/share/gennodejs/ros/mouse_controller/msg/_index.js
Symlinking /home/zhiping/MA/Alex_Model/devel/share/gennodejs/ros/mouse_controller/msg/mouse_sensors.js
Symlinking /home/zhiping/MA/Alex_Model/devel/share/gennodejs/ros/mouse_controller/msg/Floats.js
Symlinking /home/zhiping/MA/Alex_Model/devel/share/roseus/ros/mouse_controller/manifest.l
Symlinking /home/zhiping/MA/Alex_Model/devel/share/roseus/ros/mouse_controller/msg/Floats.l
Symlinking /home/zhiping/MA/Alex_Model/devel/share/roseus/ros/mouse_controller/msg/desired_cmd.l
Symlinking /home/zhiping/MA/Alex_Model/devel/share/roseus/ros/mouse_controller/msg/mouse_sensors.l
Symlinking /home/zhiping/MA/Alex_Model/devel/share/common-lisp/ros/mouse_controller/msg/_package_Floats.lisp
Symlinking /home/zhiping/MA/Alex_Model/devel/share/common-lisp/ros/mouse_controller/msg/mouse_controller-msg.asd
Symlinking /home/zhiping/MA/Alex_Model/devel/share/common-lisp/ros/mouse_controller/msg/desired_cmd.lisp
Symlinking /home/zhiping/MA/Alex_Model/devel/share/common-lisp/ros/mouse_controller/msg/mouse_sensors.lisp
Symlinking /home/zhiping/MA/Alex_Model/devel/share/common-lisp/ros/mouse_controller/msg/_package_mouse_sensors.lisp
Symlinking /home/zhiping/MA/Alex_Model/devel/share/common-lisp/ros/mouse_controller/msg/_package_desired_cmd.lisp
Symlinking /home/zhiping/MA/Alex_Model/devel/share/common-lisp/ros/mouse_controller/msg/Floats.lisp
Symlinking /home/zhiping/MA/Alex_Model/devel/share/common-lisp/ros/mouse_controller/msg/_package.lisp
Symlinking /home/zhiping/MA/Alex_Model/devel/share/mouse_controller/cmake/mouse_controllerConfig.cmake
Symlinking /home/zhiping/MA/Alex_Model/devel/share/mouse_controller/cmake/mouse_controller-msg-paths.cmake
Symlinking /home/zhiping/MA/Alex_Model/devel/share/mouse_controller/cmake/mouse_controller-msg-extras.cmake
Symlinking /home/zhiping/MA/Alex_Model/devel/share/mouse_controller/cmake/mouse_controllerConfig-version.cmake
Symlinking /home/zhiping/MA/Alex_Model/devel/include/mouse_controller/mouse_sensors.h
Symlinking /home/zhiping/MA/Alex_Model/devel/include/mouse_controller/desired_cmd.h
Symlinking /home/zhiping/MA/Alex_Model/devel/include/mouse_controller/Floats.h
Symlinking /home/zhiping/MA/Alex_Model/devel/lib/python3/dist-packages/mouse_controller/__init__.py
Symlinking /home/zhiping/MA/Alex_Model/devel/lib/python3/dist-packages/mouse_controller/msg/_mouse_sensors.py
Symlinking /home/zhiping/MA/Alex_Model/devel/lib/python3/dist-packages/mouse_controller/msg/_Floats.py
Symlinking /home/zhiping/MA/Alex_Model/devel/lib/python3/dist-packages/mouse_controller/msg/__init__.py
Symlinking /home/zhiping/MA/Alex_Model/devel/lib/python3/dist-packages/mouse_controller/msg/_desired_cmd.py
Symlinking /home/zhiping/MA/Alex_Model/devel/lib/mouse_controller/mouse_walker.py
Symlinking /home/zhiping/MA/Alex_Model/devel/lib/mouse_controller/high_level_controller.py
Symlinking /home/zhiping/MA/Alex_Model/devel/lib/mouse_controller/cmake.lock
Symlinking /home/zhiping/MA/Alex_Model/devel/lib/mouse_controller/mouse_runner.py
Symlinking /home/zhiping/MA/Alex_Model/devel/lib/mouse_controller/mouse_simulation.py
Symlinking /home/zhiping/MA/Alex_Model/devel/lib/mouse_controller/motion_module.py
Symlinking /home/zhiping/MA/Alex_Model/devel/lib/mouse_controller/mqtt_publisher.py
Symlinking /home/zhiping/MA/Alex_Model/devel/lib/pkgconfig/mouse_controller.pc
