[35m[1mScanning dependencies of target _mouse_controller_generate_messages_check_deps_Floats[0m
[35m[1mScanning dependencies of target _mouse_controller_generate_messages_check_deps_desired_cmd[0m
[35m[1mScanning dependencies of target _mouse_controller_generate_messages_check_deps_mouse_sensors[0m
[  0%] Built target _mouse_controller_generate_messages_check_deps_Floats
[  0%] Built target _mouse_controller_generate_messages_check_deps_mouse_sensors
[  0%] Built target _mouse_controller_generate_messages_check_deps_desired_cmd
[35m[1mScanning dependencies of target mouse_controller_generate_messages_py[0m
[35m[1mScanning dependencies of target mouse_controller_generate_messages_lisp[0m
[35m[1mScanning dependencies of target mouse_controller_generate_messages_nodejs[0m
[35m[1mScanning dependencies of target mouse_controller_generate_messages_eus[0m
[35m[1mScanning dependencies of target mouse_controller_generate_messages_cpp[0m
[  5%] [34m[1mGenerating Python from MSG mouse_controller/desired_cmd[0m
[ 29%] [34m[1mGenerating Python from MSG mouse_controller/mouse_sensors[0m
[ 29%] [34m[1mGenerating Javascript code from mouse_controller/Floats.msg[0m
[ 29%] [34m[1mGenerating Javascript code from mouse_controller/mouse_sensors.msg[0m
[ 29%] [34m[1mGenerating Lisp code from mouse_controller/Floats.msg[0m
[ 35%] [34m[1mGenerating Python from MSG mouse_controller/Floats[0m
[ 41%] [34m[1mGenerating EusLisp code from mouse_controller/Floats.msg[0m
[ 47%] [34m[1mGenerating C++ code from mouse_controller/Floats.msg[0m
[ 52%] [34m[1mGenerating C++ code from mouse_controller/mouse_sensors.msg[0m
[ 58%] [34m[1mGenerating Javascript code from mouse_controller/desired_cmd.msg[0m
[ 64%] [34m[1mGenerating Lisp code from mouse_controller/mouse_sensors.msg[0m
[ 64%] Built target mouse_controller_generate_messages_nodejs
[ 70%] [34m[1mGenerating Lisp code from mouse_controller/desired_cmd.msg[0m
[ 76%] [34m[1mGenerating C++ code from mouse_controller/desired_cmd.msg[0m
[ 88%] [34m[1mGenerating EusLisp code from mouse_controller/desired_cmd.msg[0m
[ 88%] [34m[1mGenerating EusLisp code from mouse_controller/mouse_sensors.msg[0m
[ 88%] Built target mouse_controller_generate_messages_lisp
[ 94%] [34m[1mGenerating EusLisp manifest code for mouse_controller[0m
[100%] [34m[1mGenerating Python msg __init__.py for mouse_controller[0m
[100%] Built target mouse_controller_generate_messages_cpp
[100%] Built target mouse_controller_generate_messages_py
[100%] Built target mouse_controller_generate_messages_eus
[35m[1mScanning dependencies of target mouse_controller_generate_messages[0m
[100%] Built target mouse_controller_generate_messages
